0 info it worked if it ends with ok
1 verbose cli [ 'D:\\Documents\\School\\SoftwareProject\\group-1\\.gradle\\nodejs\\node-v7.7.3-win-x64\\node.exe',
1 verbose cli   'D:\\Documents\\School\\SoftwareProject\\group-1\\.gradle\\npm\\npm-v4.1.2\\node_modules\\npm\\bin\\npm-cli.js',
1 verbose cli   'run',
1 verbose cli   'build' ]
2 info using npm@4.1.2
3 info using node@v7.7.3
4 verbose run-script [ 'prebuild', 'build', 'postbuild' ]
5 info lifecycle petfinder-site@1.0.0~prebuild: petfinder-site@1.0.0
6 silly lifecycle petfinder-site@1.0.0~prebuild: no script for prebuild, continuing
7 info lifecycle petfinder-site@1.0.0~build: petfinder-site@1.0.0
8 verbose lifecycle petfinder-site@1.0.0~build: unsafe-perm in lifecycle true
9 verbose lifecycle petfinder-site@1.0.0~build: PATH: D:\Documents\School\SoftwareProject\group-1\.gradle\npm\npm-v4.1.2\node_modules\npm\bin\node-gyp-bin;D:\Documents\School\SoftwareProject\group-1\node_modules\.bin;D:\Documents\School\SoftwareProject\group-1\.gradle\npm\npm-v4.1.2;D:\Documents\School\SoftwareProject\group-1\.gradle\nodejs\node-v7.7.3-win-x64;C:\Program Files (x86)\Common Files\Oracle\Java\javapath;C:\ProgramData\Oracle\Java\javapath;C:\WINDOWS\system32;C:\WINDOWS;C:\WINDOWS\System32\Wbem;C:\WINDOWS\System32\WindowsPowerShell\v1.0\;C:\Program Files (x86)\Common Files\lenovo\easyplussdk\bin;C:\Program Files (x86)\ATI Technologies\ATI.ACE\Core-Static;C:\Program Files\Intel\WiFi\bin\;C:\Program Files\Common Files\Intel\WirelessCommon\;C:\Program Files\Microsoft SQL Server\130\Tools\Binn\;C:\Program Files\Java\jdk-9.0.1\bin;C:\Program Files\MySQL\MySQL Utilities 1.6\;C:\Program Files (x86)\Windows Kits\10\Windows Performance Toolkit\;C:\ProgramData\chocolatey\bin;C:\WINDOWS\System32\OpenSSH\;C:\Program Files\dotnet\;D:\Programs\putty\;C:\Program Files\nodejs\;C:\Program Files\Git\cmd;C:\ProgramData\nvm;C:\Program Files\nodejs;C:\Users\Emily\AppData\Local\Microsoft\WindowsApps;C:\Users\Emily\Documents\apache-maven-3.5.2\bin;C:\Users\Emily\AppData\Local\Programs\MiKTeX 2.9\miktex\bin\x64\;;D:\Programs\Microsoft VS Code\bin;C:\Users\Emily\AppData\Roaming\npm;D:\Programs\heroku\bin;C:\Program Files (x86)\Dr. Memory\bin\
10 verbose lifecycle petfinder-site@1.0.0~build: CWD: D:\Documents\School\SoftwareProject\group-1
11 silly lifecycle petfinder-site@1.0.0~build: Args: [ '/d /s /c',
11 silly lifecycle   'cross-env webpack --progress --colors --env build' ]
12 silly lifecycle petfinder-site@1.0.0~build: Returned: code: 2  signal: null
13 info lifecycle petfinder-site@1.0.0~build: Failed to exec build script
14 verbose stack Error: petfinder-site@1.0.0 build: `cross-env webpack --progress --colors --env build`
14 verbose stack Exit status 2
14 verbose stack	 at EventEmitter.<anonymous> (D:\Documents\School\SoftwareProject\group-1\.gradle\npm\npm-v4.1.2\node_modules\npm\lib\utils\lifecycle.js:279:16)
14 verbose stack	 at emitTwo (events.js:106:13)
14 verbose stack	 at EventEmitter.emit (events.js:194:7)
14 verbose stack	 at ChildProcess.<anonymous> (D:\Documents\School\SoftwareProject\group-1\.gradle\npm\npm-v4.1.2\node_modules\npm\lib\utils\spawn.js:40:14)
14 verbose stack	 at emitTwo (events.js:106:13)
14 verbose stack	 at ChildProcess.emit (events.js:194:7)
14 verbose stack	 at maybeClose (internal/child_process.js:899:16)
14 verbose stack	 at Process.ChildProcess._handle.onexit (internal/child_process.js:226:5)
15 verbose pkgid petfinder-site@1.0.0
16 verbose cwd D:\Documents\School\SoftwareProject\group-1
17 error Windows_NT 10.0.17134
18 error argv "D:\\Documents\\School\\SoftwareProject\\group-1\\.gradle\\nodejs\\node-v7.7.3-win-x64\\node.exe" "D:\\Documents\\School\\SoftwareProject\\group-1\\.gradle\\npm\\npm-v4.1.2\\node_modules\\npm\\bin\\npm-cli.js" "run" "build"
19 error node v7.7.3
20 error npm  v4.1.2
21 error code ELIFECYCLE
22 error petfinder-site@1.0.0 build: `cross-env webpack --progress --colors --env build`
22 error Exit status 2
23 error Failed at the petfinder-site@1.0.0 build script 'cross-env webpack --progress --colors --env build'.
23 error Make sure you have the latest version of node.js and npm installed.
23 error If you do, this is most likely a problem with the petfinder-site package,
23 error not with npm itself.
23 error Tell the author that this fails on your system:
23 error	 cross-env webpack --progress --colors --env build
23 error You can get information on how to open an issue for this project with:
23 error	 npm bugs petfinder-site
23 error Or if that isn't available, you can get their info via:
23 error	 npm owner ls petfinder-site
23 error There is likely additional logging output above.
24 verbose exit [ 1, true ]
